;  LST file generated by mikroListExporter - v.2.0 
; Date/Time: 01/11/2024 16:19:11
;----------------------------------------------

;Address Opcode 	ASM
0x0000	0xF000EF2F  	GOTO        94
_INTERRUPCAO_HIGH:
;Projeto_2.c,4 :: 		void INTERRUPCAO_HIGH() iv 0x0008 ics ICS_AUTO {
;Projeto_2.c,13 :: 		if(INTCON.TMR0IF == 1)    //Foi o TIMER0 que gerou a interrupção ?
0x0008	0xA4F2      	BTFSS       INTCON, 2 
0x000A	0xD00A      	BRA         L_INTERRUPCAO_HIGH0
;Projeto_2.c,15 :: 		PORTC.RC2 = ~LATC.RC2; //PISCA O LED no PORTC
0x000C	0xB48B      	BTFSC       LATC, 2 
0x000E	0xD002      	BRA         L__INTERRUPCAO_HIGH5
0x0010	0x8482      	BSF         PORTC, 2 
0x0012	0xD001      	BRA         L__INTERRUPCAO_HIGH6
L__INTERRUPCAO_HIGH5:
0x0014	0x9482      	BCF         PORTC, 2 
L__INTERRUPCAO_HIGH6:
;Projeto_2.c,17 :: 		TMR0H += TMR0H_preset;
0x0016	0x5015      	MOVF        _TMR0H_preset, 0 
0x0018	0x26D7      	ADDWF       TMR0H, 1 
;Projeto_2.c,18 :: 		TMR0L += TMR0L_preset;
0x001A	0x5016      	MOVF        _TMR0L_preset, 0 
0x001C	0x26D6      	ADDWF       TMR0L, 1 
;Projeto_2.c,19 :: 		INTCON.TMR0IF = 0;   //Não esquecer de zerar a Flag
0x001E	0x94F2      	BCF         INTCON, 2 
;Projeto_2.c,20 :: 		}
L_INTERRUPCAO_HIGH0:
;Projeto_2.c,21 :: 		}
L_end_INTERRUPCAO_HIGH:
L__INTERRUPCAO_HIGH4:
0x0020	0x0011      	RETFIE      1
; end of _INTERRUPCAO_HIGH
_configTimer:
;Projeto_2.c,44 :: 		void configTimer(){
;Projeto_2.c,46 :: 		T0CON.TMR0ON = 1;// Timer0 On/Off Control bit:1=Enables Timer0 / 0=Stops Timer0
0x0022	0x8ED5      	BSF         T0CON, 7 
;Projeto_2.c,47 :: 		T0CON.T08BIT = 0;// Timer0 8-bit/16-bit Control bit: 1=8-bit timer/counter / 0=16-bit timer/counter
0x0024	0x9CD5      	BCF         T0CON, 6 
;Projeto_2.c,48 :: 		T0CON.T0CS   = 0;// TMR0 Clock Source Select bit: 0=Internal Clock (CLKO) / 1=Transition on T0CKI pin
0x0026	0x9AD5      	BCF         T0CON, 5 
;Projeto_2.c,49 :: 		T0CON.T0SE   = 0;// TMR0 Source Edge Select bit: 0=low/high / 1=high/low
0x0028	0x98D5      	BCF         T0CON, 4 
;Projeto_2.c,50 :: 		T0CON.PSA    = 0;// Prescaler Assignment bit: 0=Prescaler is assigned; 1=NOT assigned/bypassed
0x002A	0x96D5      	BCF         T0CON, 3 
;Projeto_2.c,51 :: 		T0CON.T0PS2  = 1;// bits 2-0  PS2:PS0: Prescaler Select bits
0x002C	0x84D5      	BSF         T0CON, 2 
;Projeto_2.c,52 :: 		T0CON.T0PS1  = 0;
0x002E	0x92D5      	BCF         T0CON, 1 
;Projeto_2.c,53 :: 		T0CON.T0PS0  = 0;
0x0030	0x90D5      	BCF         T0CON, 0 
;Projeto_2.c,54 :: 		TMR0H = TMR0H_preset;    // preset for Timer0 MSB register
0x0032	0xFFD7C015  	MOVFF       _TMR0H_preset, TMR0H
;Projeto_2.c,55 :: 		TMR0L = TMR0L_preset;    // preset for Timer0 LSB register
0x0036	0xFFD6C016  	MOVFF       _TMR0L_preset, TMR0L
;Projeto_2.c,56 :: 		}
L_end_configTimer:
0x003A	0x0012      	RETURN      0
; end of _configTimer
_configInterrupt:
;Projeto_2.c,23 :: 		void configInterrupt(){
;Projeto_2.c,26 :: 		INTCON.GIE = 1; // Alta prioridade   - usar somente SE RCON.IPEN =1;
0x003C	0x8EF2      	BSF         INTCON, 7 
;Projeto_2.c,28 :: 		RCON.IPEN = 1; //habilita níveis de prioridade - permite que uma interrupção
0x003E	0x8ED0      	BSF         RCON, 7 
;Projeto_2.c,32 :: 		INTCON.TMR0IE = 1;   //Habilita a interrupção individual do TIMER0
0x0040	0x8AF2      	BSF         INTCON, 5 
;Projeto_2.c,33 :: 		}
L_end_configInterrupt:
0x0042	0x0012      	RETURN      0
; end of _configInterrupt
_configMCU:
;Projeto_2.c,35 :: 		void configMCU()
;Projeto_2.c,38 :: 		ADCON1 |= 0x0F;
0x0044	0x0E0F      	MOVLW       15
0x0046	0x12C1      	IORWF       ADCON1, 1 
;Projeto_2.c,40 :: 		TRISC = 0;    // PORTD como saída  (usar LED)
0x0048	0x6A94      	CLRF        TRISC 
;Projeto_2.c,41 :: 		PORTC = 0;    // LED inicialmente OFF
0x004A	0x6A82      	CLRF        PORTC 
;Projeto_2.c,42 :: 		}
L_end_configMCU:
0x004C	0x0012      	RETURN      0
; end of _configMCU
___CC2DW:
;__Lib_System.c,21 :: 		
;__Lib_System.c,23 :: 		
_CC2DL_Loop1:
;__Lib_System.c,24 :: 		
0x004E	0x0009      	TBLRD*+
;__Lib_System.c,25 :: 		
0x0050	0xFFE6CFF5  	MOVFF       TABLAT, POSTINC1
;__Lib_System.c,26 :: 		
0x0054	0x0600      	DECF        R0, 1, 0
;__Lib_System.c,27 :: 		
0x0056	0xE1FB      	BNZ         _CC2DL_Loop1
;__Lib_System.c,28 :: 		
0x0058	0x0601      	DECF        R1, 1, 0
;__Lib_System.c,29 :: 		
0x005A	0xE1F9      	BNZ         _CC2DL_Loop1
;__Lib_System.c,31 :: 		
L_end___CC2DW:
0x005C	0x0012      	RETURN      0
; end of ___CC2DW
_main:
0x005E	0x0E0B      	MOVLW       11
0x0060	0x6E15      	MOVWF       _TMR0H_preset 
0x0062	0x0EDC      	MOVLW       220
0x0064	0x6E16      	MOVWF       _TMR0L_preset 
;Projeto_2.c,58 :: 		void main() {
;Projeto_2.c,60 :: 		configMCU();
0x0066	0xDFEE      	RCALL       _configMCU
;Projeto_2.c,61 :: 		configTIMER();
0x0068	0xDFDC      	RCALL       _configTimer
;Projeto_2.c,62 :: 		configInterrupt();
0x006A	0xDFE8      	RCALL       _configInterrupt
;Projeto_2.c,64 :: 		while(1);
L_main1:
0x006C	0xD7FF      	BRA         L_main1
;Projeto_2.c,65 :: 		}
L_end_main:
0x006E	0xD7FF      	BRA         $+0
; end of _main
Symbol List:
//** Routines locations **
//ADDRESS    SIZE    PROCEDURE
//----------------------------------------------
0x0008      [26]    _INTERRUPCAO_HIGH
0x0022      [26]    _configTimer
0x003C       [8]    _configInterrupt
0x0044      [10]    _configMCU
0x004E      [16]    ___CC2DW
0x005E      [18]    _main
//** Variables locations ** 
//ADDRESS    SIZE    VARIABLE
//----------------------------------------------
0x0000       [1]    R0
0x0001       [1]    R1
0x0002       [1]    R2
0x0003       [1]    R3
0x0004       [1]    R4
0x0005       [1]    R5
0x0006       [1]    R6
0x0007       [1]    R7
0x0008       [1]    R8
0x0009       [1]    R9
0x000A       [1]    R10
0x000B       [1]    R11
0x000C       [1]    R12
0x000D       [1]    R13
0x000E       [1]    R14
0x000F       [1]    R15
0x0010       [1]    R16
0x0011       [1]    R17
0x0012       [1]    R18
0x0013       [1]    R19
0x0014       [1]    R20
0x0015       [1]    _TMR0H_preset
0x0016       [1]    _TMR0L_preset
0x0F82       [1]    PORTC
0x0F8B       [1]    LATC
0x0F94       [1]    TRISC
0x0FC1       [1]    ADCON1
0x0FD0       [1]    RCON
0x0FD5       [1]    T0CON
0x0FD6       [1]    TMR0L
0x0FD7       [1]    TMR0H
0x0FD8       [1]    STATUS
0x0FD9       [1]    FSR2L
0x0FDA       [1]    FSR2H
0x0FDE       [1]    POSTINC2
0x0FE0       [1]    BSR
0x0FE1       [1]    FSR1L
0x0FE2       [1]    FSR1H
0x0FE4       [1]    PREINC1
0x0FE6       [1]    POSTINC1
0x0FE7       [1]    INDF1
0x0FE8       [1]    WREG
0x0FE9       [1]    FSR0L
0x0FEA       [1]    FSR0H
0x0FEE       [1]    POSTINC0
0x0FF2       [1]    INTCON
0x0FF3       [1]    PRODL
0x0FF4       [1]    PRODH
0x0FF5       [1]    TABLAT
0x0FF6       [1]    TBLPTRL
0x0FF7       [1]    TBLPTRH
0x0FF8       [1]    TBLPTRU
